<?xml version="1.0" encoding="UTF-8"?>
<testsuite xmlns:xsi="http://www.w3.org/2001/XMLSchema-instance" xsi:noNamespaceSchemaLocation="https://maven.apache.org/surefire/maven-surefire-plugin/xsd/surefire-test-report-3.0.xsd" version="3.0" name="com.api.ApiApplicationTests" time="30.079" tests="1" errors="0" skipped="0" failures="0">
  <properties>
[...]
</properties>
  <testcase name="contextLoads" classname="com.api.ApiApplicationTests" time="0.668">
    <system-out><![CDATA[16:48:35.808 [main] INFO org.springframework.test.context.support.AnnotationConfigContextLoaderUtils -- Could not detect default configuration classes for test class [com.api.ApiApplicationTests]: ApiApplicationTests does not declare any static, non-private, non-final, nested classes annotated with @Configuration.
16:48:36.151 [main] INFO org.springframework.boot.test.context.SpringBootTestContextBootstrapper -- Found @SpringBootConfiguration com.api.ApiApplication for test class com.api.ApiApplicationTests
16:48:36.882 [main] INFO org.springframework.boot.devtools.restart.RestartApplicationListener -- Restart disabled due to context in which it is running

  .   ____          _            __ _ _
 /\\ / ___'_ __ _ _(_)_ __  __ _ \ \ \ \
( ( )\___ | '_ | '_| | '_ \/ _` | \ \ \ \
 \\/  ___)| |_)| | | | | || (_| |  ) ) ) )
  '  |____| .__|_| |_|_| |_\__, | / / / /
 =========|_|==============|___/=/_/_/_/

 :: Spring Boot ::                (v3.3.2)

2024-12-05T16:48:37.838-03:00  INFO 13456 --- [           main] com.api.ApiApplicationTests              : Starting ApiApplicationTests using Java 17.0.11 with PID 13456 (started by usuario in C:\Users\usuario\Documents\back)
2024-12-05T16:48:37.842-03:00  INFO 13456 --- [           main] com.api.ApiApplicationTests              : No active profile set, falling back to 1 default profile: "default"
2024-12-05T16:48:42.391-03:00  INFO 13456 --- [           main] .s.d.r.c.RepositoryConfigurationDelegate : Bootstrapping Spring Data JPA repositories in DEFAULT mode.
2024-12-05T16:48:42.790-03:00  INFO 13456 --- [           main] .s.d.r.c.RepositoryConfigurationDelegate : Finished Spring Data repository scanning in 371 ms. Found 13 JPA repository interfaces.
2024-12-05T16:48:45.226-03:00  INFO 13456 --- [           main] o.f.c.internal.license.VersionPrinter    : Flyway Community Edition 9.10.2 by Redgate
2024-12-05T16:48:45.226-03:00  INFO 13456 --- [           main] o.f.c.internal.license.VersionPrinter    : See what's new here: https://flywaydb.org/documentation/learnmore/releaseNotes#9.10.2
2024-12-05T16:48:45.227-03:00  INFO 13456 --- [           main] o.f.c.internal.license.VersionPrinter    : 
2024-12-05T16:48:45.270-03:00  INFO 13456 --- [           main] com.zaxxer.hikari.HikariDataSource       : HikariPool-1 - Starting...
2024-12-05T16:48:46.562-03:00  INFO 13456 --- [           main] com.zaxxer.hikari.pool.HikariPool        : HikariPool-1 - Added connection com.mysql.cj.jdbc.ConnectionImpl@2ba9f986
2024-12-05T16:48:46.568-03:00  INFO 13456 --- [           main] com.zaxxer.hikari.HikariDataSource       : HikariPool-1 - Start completed.
2024-12-05T16:48:46.692-03:00  INFO 13456 --- [           main] o.f.c.i.database.base.BaseDatabaseType   : Database: jdbc:mysql://localhost/localhost305 (MySQL 8.0)
2024-12-05T16:48:47.028-03:00  INFO 13456 --- [           main] o.f.core.internal.command.DbValidate     : Successfully validated 4 migrations (execution time 00:00.190s)
2024-12-05T16:48:47.108-03:00  INFO 13456 --- [           main] o.f.core.internal.command.DbMigrate      : Current version of schema `localhost305`: 4
2024-12-05T16:48:47.111-03:00  INFO 13456 --- [           main] o.f.core.internal.command.DbMigrate      : Schema `localhost305` is up to date. No migration necessary.
2024-12-05T16:48:47.748-03:00  INFO 13456 --- [           main] o.hibernate.jpa.internal.util.LogHelper  : HHH000204: Processing PersistenceUnitInfo [name: default]
2024-12-05T16:48:48.085-03:00  INFO 13456 --- [           main] org.hibernate.Version                    : HHH000412: Hibernate ORM core version 6.5.2.Final
2024-12-05T16:48:48.252-03:00  INFO 13456 --- [           main] o.h.c.internal.RegionFactoryInitiator    : HHH000026: Second-level cache disabled
2024-12-05T16:48:49.632-03:00  INFO 13456 --- [           main] o.s.o.j.p.SpringPersistenceUnitInfo      : No LoadTimeWeaver setup: ignoring JPA class transformer
2024-12-05T16:48:49.948-03:00  WARN 13456 --- [           main] org.hibernate.orm.deprecation            : HHH90000025: MySQLDialect does not need to be specified explicitly using 'hibernate.dialect' (remove the property setting and it will be selected by default)
2024-12-05T16:48:53.725-03:00  INFO 13456 --- [           main] o.h.e.t.j.p.i.JtaPlatformInitiator       : HHH000489: No JTA platform available (set 'hibernate.transaction.jta.platform' to enable JTA platform integration)
2024-12-05T16:48:53.733-03:00  INFO 13456 --- [           main] j.LocalContainerEntityManagerFactoryBean : Initialized JPA EntityManagerFactory for persistence unit 'default'
2024-12-05T16:48:54.685-03:00  INFO 13456 --- [           main] o.s.d.j.r.query.QueryEnhancerFactory     : Hibernate is in classpath; If applicable, HQL parser will be used.
2024-12-05T16:48:55.207-03:00  INFO 13456 --- [           main] r$InitializeUserDetailsManagerConfigurer : Global AuthenticationManager configured with UserDetailsService bean with name authenticationService
2024-12-05T16:48:57.447-03:00  WARN 13456 --- [           main] JpaBaseConfiguration$JpaWebConfiguration : spring.jpa.open-in-view is enabled by default. Therefore, database queries may be performed during view rendering. Explicitly configure spring.jpa.open-in-view to disable this warning
2024-12-05T16:48:57.996-03:00  WARN 13456 --- [           main] s.w.s.m.m.a.RequestMappingHandlerMapping : Multiple @RequestMapping annotations found on public org.springframework.http.ResponseEntity com.api.controller.AuthenticationController.login(com.api.domain.dto.LoginDto), but only the first will be used: [@org.springframework.web.bind.annotation.RequestMapping(consumes={}, headers={}, method={}, name="", params={}, path={"/login"}, produces={}, value={"/login"}), @org.springframework.web.bind.annotation.PostMapping(consumes={}, headers={}, name="", params={}, path={}, produces={}, value={})]
2024-12-05T16:49:04.607-03:00  INFO 13456 --- [           main] com.api.ApiApplicationTests              : Started ApiApplicationTests in 27.795 seconds (process running for 31.661)
]]></system-out>
  </testcase>
</testsuite>