<?xml version="1.0" encoding="UTF-8"?>
<testsuite xmlns:xsi="http://www.w3.org/2001/XMLSchema-instance" xsi:noNamespaceSchemaLocation="https://maven.apache.org/surefire/maven-surefire-plugin/xsd/surefire-test-report-3.0.xsd" version="3.0" name="com.api.domain.repository.QuantityApplicationsRepositoryTest" time="0.054" tests="1" errors="0" skipped="0" failures="0">
  <properties>
[...]
</properties>
  <testcase name="testFindApplicationsByMonths_withValidParams" classname="com.api.domain.repository.QuantityApplicationsRepositoryTest" time="0.004">
    <system-out><![CDATA[2024-12-02T22:33:30.917-03:00  INFO 3336 --- [           main] t.c.s.AnnotationConfigContextLoaderUtils : Could not detect default configuration classes for test class [com.api.domain.repository.QuantityApplicationsRepositoryTest]: QuantityApplicationsRepositoryTest does not declare any static, non-private, non-final, nested classes annotated with @Configuration.
2024-12-02T22:33:30.964-03:00  INFO 3336 --- [           main] .b.t.c.SpringBootTestContextBootstrapper : Found @SpringBootConfiguration com.api.ApiApplication for test class com.api.domain.repository.QuantityApplicationsRepositoryTest
2024-12-02T22:33:30.966-03:00 DEBUG 3336 --- [           main] o.s.j.datasource.SimpleDriverDataSource  : Creating new JDBC Driver Connection to [jdbc:h2:mem:a645573e-243b-46fd-94ec-71bdf2d3c1f6;DB_CLOSE_DELAY=-1;DB_CLOSE_ON_EXIT=false]
]]></system-out>
  </testcase>
</testsuite>